[16:19:11 15-07-2025] [Debug   ] nhn (file:///home/adam/proj/BinanceTraderPyQt/qml/home/AccountSelect.qml)
[16:19:11 15-07-2025] [Debug   ] nhn (file:///home/adam/proj/BinanceTraderPyQt/qml/home/AccountSelect.qml)
[17:11:43 15-07-2025] [Warning ] Decryption failed: Invalid padding bytes. (/home/adam/proj/BinanceTraderPyQt/models/CryptoManager.py)
[17:11:43 15-07-2025] [Warning ] Decryption failed: Invalid padding bytes. (/home/adam/proj/BinanceTraderPyQt/models/CryptoManager.py)
[17:11:43 15-07-2025] [Warning ] Decryption failed: Invalid padding bytes. (/home/adam/proj/BinanceTraderPyQt/models/CryptoManager.py)
[17:11:43 15-07-2025] [Warning ] Decryption failed: Invalid padding bytes. (/home/adam/proj/BinanceTraderPyQt/models/CryptoManager.py)
[17:25:52 15-07-2025] [Critical] aaa couldn't save to json file: [Errno 2] No such file or directory: '/home/adam/proj/BinanceTraderPyQt/../share/users.json' (/home/adam/proj/BinanceTraderPyQt/models/AccountMdl.py:241, save_account)
[17:33:37 15-07-2025] [Warning ] Decryption failed: Invalid padding bytes. (/home/adam/proj/BinanceTraderPyQt/models/CryptoManager.py)
[17:33:37 15-07-2025] [Warning ] Decryption failed: Invalid padding bytes. (/home/adam/proj/BinanceTraderPyQt/models/CryptoManager.py)
[17:33:37 15-07-2025] [Warning ] Decryption failed: Invalid padding bytes. (/home/adam/proj/BinanceTraderPyQt/models/CryptoManager.py)
[17:33:37 15-07-2025] [Warning ] Decryption failed: Invalid padding bytes. (/home/adam/proj/BinanceTraderPyQt/models/CryptoManager.py)
[17:33:46 15-07-2025] [Warning ] Decryption failed: Invalid padding bytes. (/home/adam/proj/BinanceTraderPyQt/models/CryptoManager.py)
[17:33:46 15-07-2025] [Warning ] Decryption failed: Invalid padding bytes. (/home/adam/proj/BinanceTraderPyQt/models/CryptoManager.py)
[17:33:54 15-07-2025] [Warning ] file:///home/adam/proj/BinanceTraderPyQt/qml/home/MyListViewAccount.qml:265: TypeError: Property 'save_decryptedKeys' of object AccountListModelMdl(0x5b91b1c9e010) is not a function (file:///home/adam/proj/BinanceTraderPyQt/qml/home/MyListViewAccount.qml)
[17:55:16 15-07-2025] [Critical] aaa deleted from database but couldn't remove json file: [Errno 2] No such file or directory: '/home/adam/proj/BinanceTraderPyQt/../share/users.json' (/home/adam/proj/BinanceTraderPyQt/models/AccountMdl.py:387, deleteAccount)
[18:13:36 15-07-2025] [Critical] ccc deleted from database but couldn't remove json file: Account 'ccc' not found (/home/adam/proj/BinanceTraderPyQt/models/AccountMdl.py:411, deleteAccount)
[18:14:12 15-07-2025] [Critical] aaa deleted from database but couldn't remove json file: File not found: /home/adam/proj/BinanceTraderPyQt/share/users.json (/home/adam/proj/BinanceTraderPyQt/models/AccountMdl.py:411, deleteAccount)
[18:30:11 15-07-2025] [Critical] aaa deleted from database but couldn't remove json file: Account 'aaa' not found (/home/adam/proj/BinanceTraderPyQt/models/AccountMdl.py:445, deleteAccount)
[18:30:15 15-07-2025] [Critical] aaab deleted from database but couldn't remove json file: Account 'aaab' not found (/home/adam/proj/BinanceTraderPyQt/models/AccountMdl.py:445, deleteAccount)
[18:30:37 15-07-2025] [Critical] kkk deleted from database but couldn't remove json file: File not found: /home/adam/proj/BinanceTraderPyQt/share/users.json (/home/adam/proj/BinanceTraderPyQt/models/AccountMdl.py:445, deleteAccount)
[18:30:41 15-07-2025] [Critical] kkkl deleted from database but couldn't remove json file: File not found: /home/adam/proj/BinanceTraderPyQt/share/users.json (/home/adam/proj/BinanceTraderPyQt/models/AccountMdl.py:445, deleteAccount)
[18:34:08 15-07-2025] [Critical] aaa deleted from database but couldn't remove json file: Account 'aaa' not found (/home/adam/proj/BinanceTraderPyQt/models/AccountMdl.py:444, deleteAccount)
[18:34:59 15-07-2025] [Critical] kkkl deleted from database but couldn't remove json file: File not found: /home/adam/proj/BinanceTraderPyQt/share/users.json (/home/adam/proj/BinanceTraderPyQt/models/AccountMdl.py:444, deleteAccount)
[18:38:19 15-07-2025] [Warning ] file:///home/adam/proj/BinanceTraderPyQt/qml/home/MyListViewAccount.qml:101:21: Unable to assign [undefined] to QString (file:///home/adam/proj/BinanceTraderPyQt/qml/home/MyListViewAccount.qml)
[18:41:02 15-07-2025] [Fatal   ] TypeError: unable to convert a Python 'dict' object to a C++ 'QObject*' instance 
[18:42:39 15-07-2025] [Fatal   ] TypeError: unable to convert a Python 'dict' object to a C++ 'QObject*' instance 
[18:55:01 15-07-2025] [Debug   ]  (file:///home/adam/proj/BinanceTraderPyQt/qml/home/MyListViewAccount.qml)
[18:55:25 15-07-2025] [Debug   ]  (file:///home/adam/proj/BinanceTraderPyQt/qml/home/MyListViewAccount.qml)
[18:55:33 15-07-2025] [Debug   ] ddd (file:///home/adam/proj/BinanceTraderPyQt/qml/home/MyListViewAccount.qml)
[18:55:42 15-07-2025] [Debug   ]  (file:///home/adam/proj/BinanceTraderPyQt/qml/home/MyListViewAccount.qml)
[19:01:36 15-07-2025] [Debug   ] 1 (file:///home/adam/proj/BinanceTraderPyQt/qml/home/MyListViewAccount.qml)
[19:01:47 15-07-2025] [Debug   ] 1 (file:///home/adam/proj/BinanceTraderPyQt/qml/home/MyListViewAccount.qml)
[19:01:51 15-07-2025] [Debug   ] 0 (file:///home/adam/proj/BinanceTraderPyQt/qml/home/MyListViewAccount.qml)
[19:02:54 15-07-2025] [Warning ] file:///home/adam/proj/BinanceTraderPyQt/qml/home/MyListViewAccount.qml:64: ReferenceError: type is not defined (file:///home/adam/proj/BinanceTraderPyQt/qml/home/MyListViewAccount.qml)
[19:03:19 15-07-2025] [Debug   ] string (file:///home/adam/proj/BinanceTraderPyQt/qml/home/MyListViewAccount.qml)
[19:03:34 15-07-2025] [Debug   ] string (file:///home/adam/proj/BinanceTraderPyQt/qml/home/MyListViewAccount.qml)
[19:05:18 15-07-2025] [Debug   ] string (file:///home/adam/proj/BinanceTraderPyQt/qml/home/MyListViewAccount.qml)
[19:05:23 15-07-2025] [Debug   ] string (file:///home/adam/proj/BinanceTraderPyQt/qml/home/MyListViewAccount.qml)
[19:08:06 15-07-2025] [Debug   ] string (file:///home/adam/proj/BinanceTraderPyQt/qml/home/MyListViewAccount.qml)
[19:08:11 15-07-2025] [Debug   ] string (file:///home/adam/proj/BinanceTraderPyQt/qml/home/MyListViewAccount.qml)
[19:08:18 15-07-2025] [Debug   ] string (file:///home/adam/proj/BinanceTraderPyQt/qml/home/MyListViewAccount.qml)
[19:08:21 15-07-2025] [Warning ] Decryption failed: Invalid padding bytes. (/home/adam/proj/BinanceTraderPyQt/models/CryptoManager.py)
[19:08:21 15-07-2025] [Warning ] Decryption failed: Invalid padding bytes. (/home/adam/proj/BinanceTraderPyQt/models/CryptoManager.py)
[19:09:08 15-07-2025] [Debug   ] string (file:///home/adam/proj/BinanceTraderPyQt/qml/home/MyListViewAccount.qml)
[19:09:19 15-07-2025] [Debug   ] string (file:///home/adam/proj/BinanceTraderPyQt/qml/home/MyListViewAccount.qml)
[19:30:36 15-07-2025] [Debug   ] string (file:///home/adam/proj/BinanceTraderPyQt/qml/home/MyListViewAccount.qml)
[19:30:36 15-07-2025] [Warning ] file:///home/adam/proj/BinanceTraderPyQt/qml/home/MyListViewAccount.qml:65: TypeError: Value is undefined and could not be converted to an object (file:///home/adam/proj/BinanceTraderPyQt/qml/home/MyListViewAccount.qml)
[19:30:44 15-07-2025] [Debug   ] string (file:///home/adam/proj/BinanceTraderPyQt/qml/home/MyListViewAccount.qml)
[19:30:44 15-07-2025] [Warning ] file:///home/adam/proj/BinanceTraderPyQt/qml/home/MyListViewAccount.qml:65: TypeError: Value is undefined and could not be converted to an object (file:///home/adam/proj/BinanceTraderPyQt/qml/home/MyListViewAccount.qml)
[19:31:50 15-07-2025] [Debug   ] string (file:///home/adam/proj/BinanceTraderPyQt/qml/home/MyListViewAccount.qml)
[19:32:00 15-07-2025] [Debug   ] string (file:///home/adam/proj/BinanceTraderPyQt/qml/home/MyListViewAccount.qml)
[19:46:56 15-07-2025] [Warning ] Decryption failed: Invalid padding bytes. (/home/adam/proj/BinanceTraderPyQt/models/CryptoManager.py)
[19:46:56 15-07-2025] [Warning ] Decryption failed: Invalid padding bytes. (/home/adam/proj/BinanceTraderPyQt/models/CryptoManager.py)
[20:07:34 15-07-2025] [Warning ] Decryption failed: Invalid padding bytes. (/home/adam/proj/BinanceTraderPyQt/models/CryptoManager.py)
[20:07:34 15-07-2025] [Warning ] Decryption failed: Invalid padding bytes. (/home/adam/proj/BinanceTraderPyQt/models/CryptoManager.py)
[20:23:38 15-07-2025] [Warning ] file:///home/adam/proj/BinanceTraderPyQt/qml/home/MyListViewAccount.qml:271: TypeError: Property 'save_decryptedKeys' of object AccountListModelMdl(0x5693834f5aa0) is not a function (file:///home/adam/proj/BinanceTraderPyQt/qml/home/MyListViewAccount.qml)
[20:26:12 15-07-2025] [Warning ] Decryption failed: Invalid padding bytes. (/home/adam/proj/BinanceTraderPyQt/models/CryptoManager.py)
[20:26:12 15-07-2025] [Warning ] Decryption failed: Invalid padding bytes. (/home/adam/proj/BinanceTraderPyQt/models/CryptoManager.py)
[20:26:12 15-07-2025] [Fatal   ] Traceback (most recent call last):
  File "/home/adam/proj/BinanceTraderPyQt/models/AccountListModelMdl.py", line 165, in save_decryptedKeys
    item.saveAccountToJsonFile(item.account_name, hashed_text)
AttributeError: 'AccountMdl' object has no attribute 'account_name'. Did you mean: 'accountName'? 
[20:27:03 15-07-2025] [Warning ] Decryption failed: Invalid padding bytes. (/home/adam/proj/BinanceTraderPyQt/models/CryptoManager.py)
[20:27:03 15-07-2025] [Warning ] Key string must contain at least 48 bytes (32-byte key + 16-byte IV). (/home/adam/proj/BinanceTraderPyQt/models/CryptoManager.py)
[20:27:03 15-07-2025] [Warning ] Decryption failed: Invalid padding bytes. (/home/adam/proj/BinanceTraderPyQt/models/CryptoManager.py)
[20:27:03 15-07-2025] [Warning ] Decryption failed: Invalid padding bytes. (/home/adam/proj/BinanceTraderPyQt/models/CryptoManager.py)
[20:37:42 15-07-2025] [Warning ] Decryption failed: Invalid padding bytes. (/home/adam/proj/BinanceTraderPyQt/models/CryptoManager.py)
[20:37:42 15-07-2025] [Warning ] Key string must contain at least 48 bytes (32-byte key + 16-byte IV). (/home/adam/proj/BinanceTraderPyQt/models/CryptoManager.py)
[20:37:42 15-07-2025] [Warning ] Decryption failed: Invalid padding bytes. (/home/adam/proj/BinanceTraderPyQt/models/CryptoManager.py)
[20:37:42 15-07-2025] [Warning ] Decryption failed: Invalid padding bytes. (/home/adam/proj/BinanceTraderPyQt/models/CryptoManager.py)
[20:38:07 15-07-2025] [Warning ] Decryption failed: Invalid padding bytes. (/home/adam/proj/BinanceTraderPyQt/models/CryptoManager.py)
[20:38:07 15-07-2025] [Warning ] Key string must contain at least 48 bytes (32-byte key + 16-byte IV). (/home/adam/proj/BinanceTraderPyQt/models/CryptoManager.py)
[20:38:07 15-07-2025] [Warning ] Decryption failed: Invalid padding bytes. (/home/adam/proj/BinanceTraderPyQt/models/CryptoManager.py)
[20:38:07 15-07-2025] [Warning ] Decryption failed: Invalid padding bytes. (/home/adam/proj/BinanceTraderPyQt/models/CryptoManager.py)
[20:54:13 15-07-2025] [Warning ] Decryption failed: Invalid padding bytes. (/home/adam/proj/BinanceTraderPyQt/models/CryptoManager.py)
[20:54:13 15-07-2025] [Warning ] Key string must contain at least 48 bytes (32-byte key + 16-byte IV). (/home/adam/proj/BinanceTraderPyQt/models/CryptoManager.py)
[20:54:13 15-07-2025] [Warning ] Decryption failed: Invalid padding bytes. (/home/adam/proj/BinanceTraderPyQt/models/CryptoManager.py)
[20:54:13 15-07-2025] [Warning ] Decryption failed: Invalid padding bytes. (/home/adam/proj/BinanceTraderPyQt/models/CryptoManager.py)
[20:56:14 15-07-2025] [Warning ] Decryption failed: Invalid padding bytes. (/home/adam/proj/BinanceTraderPyQt/models/CryptoManager.py)
[20:56:14 15-07-2025] [Warning ] Key string must contain at least 48 bytes (32-byte key + 16-byte IV). (/home/adam/proj/BinanceTraderPyQt/models/CryptoManager.py)
[20:56:14 15-07-2025] [Warning ] Decryption failed: Invalid padding bytes. (/home/adam/proj/BinanceTraderPyQt/models/CryptoManager.py)
[20:56:14 15-07-2025] [Warning ] Decryption failed: Invalid padding bytes. (/home/adam/proj/BinanceTraderPyQt/models/CryptoManager.py)
[20:57:01 15-07-2025] [Warning ] Decryption failed: Invalid padding bytes. (/home/adam/proj/BinanceTraderPyQt/models/CryptoManager.py)
[20:57:01 15-07-2025] [Warning ] Key string must contain at least 48 bytes (32-byte key + 16-byte IV). (/home/adam/proj/BinanceTraderPyQt/models/CryptoManager.py)
[20:57:01 15-07-2025] [Warning ] Decryption failed: Invalid padding bytes. (/home/adam/proj/BinanceTraderPyQt/models/CryptoManager.py)
[20:57:01 15-07-2025] [Warning ] Decryption failed: Invalid padding bytes. (/home/adam/proj/BinanceTraderPyQt/models/CryptoManager.py)
[20:57:08 15-07-2025] [Fatal   ] Traceback (most recent call last):
  File "/home/adam/proj/BinanceTraderPyQt/models/AccountListModelMdl.py", line 165, in save_decryptedKeys
    item.cryptoManager.loadKey("ZzAXPpV2K4k6e7mShY11gsyMK9EBV1ZzQv9rNp0M5roJ9j9kaml2M4Ax6M73ALmZ", False)
AttributeError: 'AccountMdl' object has no attribute 'cryptoManager'. Did you mean: '_cryptoManager'? 
[20:57:37 15-07-2025] [Warning ] Decryption failed: Invalid padding bytes. (/home/adam/proj/BinanceTraderPyQt/models/CryptoManager.py)
[20:57:37 15-07-2025] [Warning ] Key string must contain at least 48 bytes (32-byte key + 16-byte IV). (/home/adam/proj/BinanceTraderPyQt/models/CryptoManager.py)
[20:57:37 15-07-2025] [Warning ] Decryption failed: Invalid padding bytes. (/home/adam/proj/BinanceTraderPyQt/models/CryptoManager.py)
[20:57:37 15-07-2025] [Warning ] Decryption failed: Invalid padding bytes. (/home/adam/proj/BinanceTraderPyQt/models/CryptoManager.py)
[21:30:45 15-07-2025] [Warning ] Decryption failed: The length of the provided data is not a multiple of the block length. (/home/adam/proj/BinanceTraderPyQt/models/CryptoManager.py)
[21:30:45 15-07-2025] [Warning ] Key string must contain at least 48 bytes (32-byte key + 16-byte IV). (/home/adam/proj/BinanceTraderPyQt/models/CryptoManager.py)
[21:30:45 15-07-2025] [Warning ] Decryption failed: Invalid padding bytes. (/home/adam/proj/BinanceTraderPyQt/models/CryptoManager.py)
[21:30:45 15-07-2025] [Warning ] Decryption failed: Invalid padding bytes. (/home/adam/proj/BinanceTraderPyQt/models/CryptoManager.py)
[21:33:08 15-07-2025] [Warning ] Decryption failed: The length of the provided data is not a multiple of the block length. (/home/adam/proj/BinanceTraderPyQt/models/CryptoManager.py)
[21:33:08 15-07-2025] [Warning ] Key string must contain at least 48 bytes (32-byte key + 16-byte IV). (/home/adam/proj/BinanceTraderPyQt/models/CryptoManager.py)
[21:33:08 15-07-2025] [Warning ] Decryption failed: Invalid padding bytes. (/home/adam/proj/BinanceTraderPyQt/models/CryptoManager.py)
[21:33:08 15-07-2025] [Warning ] Decryption failed: Invalid padding bytes. (/home/adam/proj/BinanceTraderPyQt/models/CryptoManager.py)
[21:34:21 15-07-2025] [Warning ] Decryption failed: The length of the provided data is not a multiple of the block length. (/home/adam/proj/BinanceTraderPyQt/models/CryptoManager.py)
[21:34:21 15-07-2025] [Warning ] Key string must contain at least 48 bytes (32-byte key + 16-byte IV). (/home/adam/proj/BinanceTraderPyQt/models/CryptoManager.py)
[21:34:21 15-07-2025] [Warning ] Decryption failed: Invalid padding bytes. (/home/adam/proj/BinanceTraderPyQt/models/CryptoManager.py)
[21:34:21 15-07-2025] [Warning ] Decryption failed: Invalid padding bytes. (/home/adam/proj/BinanceTraderPyQt/models/CryptoManager.py)
[21:42:26 15-07-2025] [Warning ] Decryption failed: The length of the provided data is not a multiple of the block length. (/home/adam/proj/BinanceTraderPyQt/models/CryptoManager.py)
[21:42:26 15-07-2025] [Warning ] Key string must contain at least 48 bytes (32-byte key + 16-byte IV). (/home/adam/proj/BinanceTraderPyQt/models/CryptoManager.py)
[21:42:26 15-07-2025] [Warning ] Decryption failed: Invalid padding bytes. (/home/adam/proj/BinanceTraderPyQt/models/CryptoManager.py)
[21:42:26 15-07-2025] [Warning ] Decryption failed: Invalid padding bytes. (/home/adam/proj/BinanceTraderPyQt/models/CryptoManager.py)
